<?xml version="1.0" encoding="UTF-8"?>
<!-- Generated by org.testng.reporters.JUnitReportReporter -->
<testsuite hostname="LAPTOP-8NIML8Q5" failures="0" tests="6" name="com.testLayer.Priority" time="0.017" errors="0" timestamp="2022-11-24T15:44:23 IST" skipped="0">
  <testcase classname="com.testLayer.Priority" name="D" time="0.002"/>
  <system-out/>
  <testcase classname="com.testLayer.Priority" name="A" time="0.013"/>
  <system-out/>
  <testcase classname="com.testLayer.Priority" name="AB" time="0.001"/>
  <system-out/>
  <testcase classname="com.testLayer.Priority" name="AB" time="0.001"/>
  <system-out/>
  <testcase classname="com.testLayer.Priority" name="B" time="0.000"/>
  <system-out/>
  <testcase classname="com.testLayer.Priority" name="C" time="0.000"/>
  <system-out/>
</testsuite> <!-- com.testLayer.Priority -->
